PP 5655-EC6 IBM Enterprise COBOL for z/OS  6.3.0 P211108                 Date 09/26/2024  Time 08:31:57   Page     1

Invocation parameters:
 LIB,LIST,NOSEQ,MAP,DATA(31),RENT

        IGYOS4090-I   The "LIB" option specification is no longer required.  COBOL library processing is always in effect.


Options in effect:
 NOADATA
   ADV
   AFP(NOVOLATILE)
   QUOTE
   ARCH(8)
   ARITH(COMPAT)
 NOAWO
 NOBLOCK0
   BUFSIZE(4096)
 NOCICS
   CODEPAGE(1140)
 NOCOMPILE(S)
 NOCOPYLOC
 NOCOPYRIGHT
 NOCURRENCY
   DATA(31)
   DBCS
 NODECK
 NODEFINE
 NODIAGTRUNC
   DISPSIGN(COMPAT)
 NODLL
 NODUMP
 NODYNAM
 NOEXIT
 NOEXPORTALL
 NOFASTSRT
   FLAG(I,I)
 NOFLAGSTD
   HGPR(PRESERVE)
 NOINITCHECK
 NOINITIAL
   INLINE
   INTDATE(ANSI)
 NOINVDATA
   LANGUAGE(EN)
   LINECOUNT(60)
   LIST
   LP(32)
   MAP(HEX)
   MAXPCF(100000)
 NOMDECK
 NONAME
   NSYMBOL(NATIONAL)
 NONUMBER
 NONUMCHECK
   NUMPROC(NOPFD)
   OBJECT
 NOOFFSET
   OPTIMIZE(0)
   OUTDD(SYSOUT)PP 5655-EC6 IBM Enterprise COBOL for z/OS  6.3.0 P211108                 Date 09/26/2024  Time 08:31:57   Page     2

 NOPARMCHECK
   PGMNAME(COMPAT)
   QUALIFY(COMPAT)
   RENT
   RMODE(AUTO)
 NORULES
 NOSERVICE
 NOSEQUENCE
   SOURCE(DEC)
   SPACE(1)
 NOSQL
   SQLCCSID
 NOSQLIMS
 NOSSRANGE
 NOSTGOPT
   SUPPRESS
 NOTERM
 NOTEST(NODWARF,NOSOURCE,NOSEPARATE)
 NOTHREAD
   TRUNC(STD)
   TUNE(8)
 NOVBREF
   VLR(STANDARD)
   VSAMOPENFS(COMPAT)
 NOWORD
   XMLPARSE(XMLSS)
   XREF(FULL)
   ZWBPP 5655-EC6 IBM Enterprise COBOL for z/OS  6.3.0 P211108       HELLO     Date 09/26/2024  Time 08:31:57   Page     3
  LineID  PL SL  ----+-*A-1-B--+----2----+----3----+----4----+----5----+----6----+----7-|--+----8 Map and Cross Reference

  000001                IDENTIFICATION DIVISION.
  000002                PROGRAM-ID. HELLO.
  000003                ENVIRONMENT DIVISION.
  000004                PROCEDURE DIVISION.
  000005                    DISPLAY 'HELLO IKAN from Gyatitudetest'.
  000006                    STOP RUN.PP 5655-EC6 IBM Enterprise COBOL for z/OS  6.3.0 P211108       HELLO     Date 09/26/2024  Time 08:31:57   Page     4

An "M" preceding a data-name reference indicates that the data-name is modified by this reference.

 Defined   Cross-reference of data names   References
PP 5655-EC6 IBM Enterprise COBOL for z/OS  6.3.0 P211108       HELLO     Date 09/26/2024  Time 08:31:57   Page     5

 Defined   Cross-reference of programs     References

       2   HELLOPP 5655-EC6 IBM Enterprise COBOL for z/OS  6.3.0 P211108       HELLO     Date 09/26/2024  Time 08:31:57   Page     6

Data Division Map

Data Definition Attribute codes (rightmost column) have the following meanings:
    D = Object of OCCURS DEPENDING    G = GLOBAL                             S = Spanned file
    E = EXTERNAL                      O = Has OCCURS clause                  U = Undefined format file
    F = Fixed-length file             OG= Group has own length definition    V = Variable-length file
    FB= Fixed-length blocked file     R = REDEFINES                          VB= Variable-length blocked file
    X = Unallocated

Source   Hierarchy and                                    Base      Displacement  Asmblr Data                      Data Def
LineID   Data Name                                        Locator     Structure   Definition        Data Type      Attributes
     2  PROGRAM-ID HELLO-------------------------------------------------------------------------------------------------------*
End of Data Division MapPP 5655-EC6 IBM Enterprise COBOL for z/OS  6.3.0 P211108       HELLO     Date 09/26/2024  Time 08:31:57   Page     7

 000002:         PROGRAM-ID. HELLO.
    000000                     000002            PROC    HELLO
    000000  47F0 F014          000002            BC      R15,20(,R15)          #  Skip over constant area
    000004  01C3 C5C5          000002            DC      X'01C3C5C5'           #  Eyecatcher: CEE
    000008  0000 0190          000002            DC      X'00000190'           #  Stack Size
    00000C  0000 0520          000002            DC      X'00000520'           #  Offset to PPA1
    000010  47F0 F001          000002            BC      R15,1(,R15)           #  Wrong Entry Point: cause exception
    000014                     000002  L0114:    EQU     *
    000014  90EC D00C          000002            STM     R14,R12,12(,R13)      #  Save GPRs Used
    000018  41A0 F024          000002            LA      R10,36(,R15)          #  Args for boot strap routine
    00001C  98EF F034          000002            LM      R14,R15,52(,R15)      #
    000020  47F0 F020          000002            BC      R15,32(,R15)          #  Branch to boot strap routine
    000024                     000002  L0116:    EQU     *                     #  Boot Strap Info Block
    000024  0000 0000          000002            DC      X'00000000'           #  address of entry label
    000028  0000 0094          000002            DC      X'00000094'           #  Storage allocation size
    00002C  0000 065C          000002            DC      X'0000065C'           #  address of Saved Option String
    000030  0000 0560          000002            DC      X'00000560'           #  address of entry point name
    000034  0000 005C          000002            DC      X'0000005C'           #  A(Label L0115)
    000038  0000 0000          000002            DC      X'00000000'           #  address of boot strap routine(IGZXBST4)
    00003C                     000002  L0117:    EQU     *                     #  CEE Parameter Block
    00003C  0000 0024          000002            DC      X'00000024'           #  address of infoBlockLabel
    000040  0000 0674          000002            DC      X'00000674'           #  A(PARMCEE-CEEEPARMBlock)
    000044  0000 0310          000002            DC      X'00000310'           #  A(sinit)
    000048  0000 0000          000002            DC      X'00000000'           #  reserved
    00004C                     000002  L0112:    EQU     *                     #  Handle growing stack
    00004C  58F0 C31C          000002            L       R15,796(,R12)         #  Load CEECAAOGETS
    000050  184E               000002            LR      R4,R14                #  Required NAB
    000052  05EF               000002            BALR    R14,R15               #  Extend Stack
    000054  0000 0000          000002            DC      X'00000000'           #  Argument list size = 0
    000058  A7F4 0009          000002            J       L0113                 #  Branch back
    00005C                     000002  @MAINENT  DS      0H                    #  PRIMARY ENTRY POINT ADDRESS
    00005C                     000002  L0115:    EQU     *                     #  User Code Entry Point
    00005C  18EF               000002            LR      R14,R15               #  Load NAB
    00005E  4100 E190          000002            LA      R0,400(,R14)          #  New NAB Address
    000062  5500 C314          000002            CL      R0,788(,R12)          #  Exceed current storage segment?
    000066  A724 FFF3          000002            JH      L0112                 #  Yes: branch to recovery code
    00006A                     000002  L0113:    EQU     *                     #  Stack now has sufficient room
    00006A  5000 E04C          000002            ST      R0,76(,R14)           #  Update NAB
    00006E  C001 0011 0301     000002            LGFI    R0,X'00110301'        #  load COBOL Language Word
    000074  5000 E000          000002            ST      R0,0(,R14)            #  Save Language Word
    000078  50D0 E004          000002            ST      R13,4(,R14)           #  Save Back Chain
    00007C  18DE               000002            LR      R13,R14               #  Set new DSA
    00007E  4100 D118          000002            LA      R0,280(,R13)          #  Address of COBDSACB
    000082  5000 D074          000002            ST      R0,116(,R13)          #  Saved in member slot1
    000086  E54C D070 0000     000002            MVHI    112(,R13),X'0000'     #  zero member slot0
    00008C  5060 D060          000002            ST      R6,96(,R13)           #  set member slot3
    000090  5070 D068          000002            ST      R7,104(,R13)          #  set member slot2
    000094  EB1F D08C 0026     000002            STMH    R1,R15,140(,R13)      #
    00009A                     000002  L0119:    EQU     *
    00009A  50C0 D080          000002            ST      R12,128(,R13)         #
    00009E  C030 0000 01BD     000002            LARL    R3,$CONSTANT_AREA
    0000A4  5800 C1F4          000002            L       R0,500(,R12)          #
    0000A8  5000 D0E0          000002            ST      R0,224(,R13)          #
    0000AC  5810 C1F4          000002            L       R1,500(,R12)          #
    0000B0  5820 3010          000002            L       R2,16(,R3)            #
    0000B4  4182 1000          000002            LA      R8,0(R2,R1)           #
    0000B8  5080 D0DC          000002            ST      R8,220(,R13)          #
    0000BC  4110 D118          000002            LA      R1,280(,R13)          #  COBDSACBPP 5655-EC6 IBM Enterprise COBOL for z/OS  6.3.0 P211108       HELLO     Date 09/26/2024  Time 08:31:57   Page     8

    0000C0  D75F 1000 1000     000002            XC      0(96,R1),0(R1)        #
    0000C6  E54C D118 0008     000002            MVHI    280(,R13),X'0008'     #
    0000CC  4100 800C          000002            LA      R0,12(,R8)            #
    0000D0  5000 D13C          000002            ST      R0,316(,R13)          #
    0000D4  9181 805C          000002            TM      92(,R8),X'81'         #  IPCB_Status
    0000D8  A714 0018          000002            JO      L0003
    0000DC  4100 800C          000002            LA      R0,12(,R8)            #
    0000E0  5000 D0F0          000002            ST      R0,240(,R13)          #
    0000E4  4100 D118          000002            LA      R0,280(,R13)          #  COBDSACB
    0000E8  5000 D0F4          000002            ST      R0,244(,R13)          #
    0000EC  4110 D0F0          000002            LA      R1,240(,R13)          #  _ArgumentList
    0000F0  58F0 3014          000002            L       R15,20(,R3)           #
    0000F4  58C0 D080          000002            L       R12,128(,R13)         #
    0000F8  0DEF               000002            BASR    R14,R15               #  Call "IGZXPRS"
    0000FA  50F0 8080          000002            ST      R15,128(,R8)          #
    0000FE  5820 805C          000002            L       R2,92(,R8)            #  IPCB_Status
    000102  C02B 8000 0000     000002            NILF    R2,X'80000000'
    000108                     000002  L0003:    EQU     *
    000108  EB01 8058 006A     000002            ASI     88(,R8),X'01'         #
    00010E  E55D 8058 0001     000002            CLFHSI  88(,R8),X'0001'       #  IPCB_NumEnts
    000114  A784 000C          000002            JE      L0004
    000118  D223 D0F0 3034     000002            MVC     240(36,R13),52(R3)    #
    00011E  4110 D0F0          000002            LA      R1,240(,R13)          #  _ArgumentList
    000122  58F0 3018          000002            L       R15,24(,R3)           #
    000126  58C0 D080          000002            L       R12,128(,R13)         #
    00012A  0DEF               000002            BASR    R14,R15               #  Call "IGZXCMSG"
    00012C                     000002  L0004:    EQU     *
    00012C  5890 8080          000002            L       R9,128(,R8)           #
    000130  5090 D0D8          000002            ST      R9,216(,R13)          #
    000134  9180 805C          000002            TM      92(,R8),X'80'         #  IPCB_Status
    000138  A714 0010          000002            JO      USER-ENTRY
    00013C  A718 0000          000002            LHI     R1,0x0
    000140  58F0 301C          000002            L       R15,28(,R3)           #
    000144  58C0 D080          000002            L       R12,128(,R13)         #
    000148  185D               000002            LR      R5,R13
    00014A  0DEF               000002            BASR    R14,R15               #  Call "#SRVal000000001 "
    00014C  5820 805C          000002            L       R2,92(,R8)            #  IPCB_Status
    000150  A52A 8100          000002            OILH    R2,0x8100
    000154  5020 805C          000002            ST      R2,92(,R8)            #
    000158                     000005  USER-ENTRY: EQU     *
 000005:             DISPLAY 'HELLO IKAN from Gyatitudetest'.
    000158  D217 D0F0 3078     000005            MVC     240(24,R13),120(R3)   #
    00015E  4110 D0F0          000005            LA      R1,240(,R13)          #  _ArgumentList
    000162  58F0 3020          000005            L       R15,32(,R3)           #
    000166  58C0 D080          000005            L       R12,128(,R13)         #
    00016A  0DEF               000005            BASR    R14,R15               #  Call "IGZXDSP"
 000006:             STOP RUN.
    00016C  E54C D0E8 0000     000006            MVHI    232(,R13),X'0000'     #
    000172  4820 9008          000006            LH      R2,8(,R9)             #  RETURN-CODE
    000176  5020 D0E4          000006            ST      R2,228(,R13)          #
    00017A  4120 D0E8          000006            LA      R2,232(,R13)          #  TS2=5
    00017E  5020 D0F0          000006            ST      R2,240(,R13)          #
    000182  4120 D0E4          000006            LA      R2,228(,R13)          #  TS2=6
    000186  5020 D0F4          000006            ST      R2,244(,R13)          #
    00018A  4110 D0F0          000006            LA      R1,240(,R13)          #  _ArgumentList
    00018E  58F0 3024          000006            L       R15,36(,R3)           #
    000192  58C0 D080          000006            L       R12,128(,R13)         #
    000196  0DEF               000006            BASR    R14,R15               #  Call "IGZXTREC"PP 5655-EC6 IBM Enterprise COBOL for z/OS  6.3.0 P211108       HELLO     Date 09/26/2024  Time 08:31:57   Page     9

    000198  EB1F D08C 0096     000006            LMH     R1,R15,140(,R13)      #
    00019E  58D0 D004          000006            L       R13,4(,R13)           #  Caller's DSA
    0001A2  58E0 D00C          000006            L       R14,12(,R13)          #  Return Address
    0001A6  980C D014          000006            LM      R0,R12,20(,R13)       #  Restore Caller's registers
    0001AA  07FE               000006            BR      R14                   #  Return
    0001AC  0707               000006            BCR     0,R7
    0001AE                     000006            RET
    0001AE  A718 0000          000006            LHI     R1,0x0
    0001B2  58F0 3028          000006            L       R15,40(,R3)           #
    0001B6  58C0 D080          000006            L       R12,128(,R13)         #
    0001BA  0DEF               000006            BASR    R14,R15               #  Call "IGZXRT1"
    0001BC  D217 D0F0 3090     000006            MVC     240(24,R13),144(R3)   #
    0001C2  4110 D0F0          000006            LA      R1,240(,R13)          #  _ArgumentList
    0001C6  58F0 3018          000006            L       R15,24(,R3)           #
    0001CA  58C0 D080          000006            L       R12,128(,R13)         #
    0001CE  0DEF               000006            BASR    R14,R15               #  Call "IGZXCMSG"
    0001D0  EBFF 8058 006A     000006            ASI     88(,R8),X'FF'         #
    0001D6  D201 D0EC 9008     000006            MVC     236(2,R13),8(R9)      #                          RETURN-CODE
    0001DC  48F0 D0EC          000006            LH      R15,236(,R13)         #
    0001E0  EB1F D08C 0096     000006            LMH     R1,R15,140(,R13)      #
    0001E6  58D0 D004          000006            L       R13,4(,R13)           #  Caller's DSA
    0001EA  58E0 D00C          000006            L       R14,12(,R13)          #  Return Address
    0001EE  980C D014          000006            LM      R0,R12,20(,R13)       #  Restore Caller's registers
    0001F2  07FE               000006            BR      R14                   #  Return
    0001F4  0707               000006            BCR     0,R7
    0001F6                     000006            RET



                    ***   General purpose registers used: 1111111111101111
                    ***   Floating point  registers used: 0000000000000000
                    ***   Size of storage acquired: 400
                    ***   Size of executable code: 502



    0001F8                     000000            PROC    #SRVal000000001
    0001F8  47F0 F024          000000            BC      R15,36(,R15)          #  Skip over constant area
    0001FC  01C3 C5C5          000000            DC      X'01C3C5C5'           #  Eyecatcher: CEE
    000200  0000 00E8          000000            DC      X'000000E8'           #  Stack Size
    000204  0000 0370          000000            DC      X'00000370'           #  Offset to PPA1
    000208  47F0 F001          000000            BC      R15,1(,R15)           #  Wrong Entry Point: cause exception
    00020C                     000000  L0018:    EQU     *
    00020C                     000000  L0016:    EQU     *                     #  Handle growing stack
    00020C  58F0 C31C          000000            L       R15,796(,R12)         #  Load CEECAAOGETS
    000210  184E               000000            LR      R4,R14                #  Required NAB
    000212  05EF               000000            BALR    R14,R15               #  Extend Stack
    000214  0000 0000          000000            DC      X'00000000'           #  Argument list size = 0
    000218  A7F4 000C          000000            J       L0017                 #  Branch back
    00021C  90E9 D00C          000000            STM     R14,R9,12(,R13)       #  Save GPRs Used
    000220  58E0 D04C          000000            L       R14,76(,R13)          #  Load NAB
    000224  4100 E0E8          000000            LA      R0,232(,R14)          #  New NAB Address
    000228  5500 C314          000000            CL      R0,788(,R12)          #  Exceed current storage segment?
    00022C  A724 FFF0          000000            JH      L0016                 #  Yes: branch to recovery code
    000230                     000000  L0017:    EQU     *                     #  Stack now has sufficient room
    000230  5000 E04C          000000            ST      R0,76(,R14)           #  Update NAB
    000234  C001 0011 0301     000000            LGFI    R0,X'00110301'        #  load COBOL Language Word
    00023A  5000 E000          000000            ST      R0,0(,R14)            #  Save Language WordPP 5655-EC6 IBM Enterprise COBOL for z/OS  6.3.0 P211108       HELLO     Date 09/26/2024  Time 08:31:57   Page    10

    00023E  50D0 E004          000000            ST      R13,4(,R14)           #  Save Back Chain
    000242  4100 5118          000000            LA      R0,280(,R5)           #  Address of COBDSACB
    000246  18DE               000000            LR      R13,R14               #  Set new DSA
    000248  5000 D074          000000            ST      R0,116(,R13)          #  Saved in member slot1
    00024C  E54C D070 0000     000000            MVHI    112(,R13),X'0000'     #  zero member slot0
    000252  5060 D060          000000            ST      R6,96(,R13)           #  set member slot3
    000256  5070 D068          000000            ST      R7,104(,R13)          #  set member slot2
    00025A  EB1F D090 0026     000000            STMH    R1,R15,144(,R13)      #
    000260                     000000  L0019:    EQU     *
    000260  50C0 D080          000000            ST      R12,128(,R13)         #
    000264  C030 0000 00DA     000000            LARL    R3,$CONSTANT_AREA
    00026A  5800 50E0          000000            L       R0,224(,R5)           #
    00026E  5000 D0E4          000000            ST      R0,228(,R13)          #
    000272  5880 50DC          000000            L       R8,220(,R5)           #
    000276  5080 D0E0          000000            ST      R8,224(,R13)          #
    00027A  5890 8080          000000            L       R9,128(,R8)           #
    00027E  5090 D0DC          000000            ST      R9,220(,R13)          #
    000282  E544 9008 0000     000000            MVHHI   8(,R9),X'0000'        #
    000288  E544 9010 0000     000000            MVHHI   16(,R9),X'0000'       #
    00028E  E54C 9088 0000     000000            MVHI    136(,R9),X'0000'      #
    000294  E54C 9090 0000     000000            MVHI    144(,R9),X'0000'      #
    00029A  D207 9018 30B0     000000            MVC     24(8,R9),176(R3)      #
    0002A0  E54C 9020 0000     000000            MVHI    32(,R9),X'0000'       #
    0002A6  E54C 9028 0000     000000            MVHI    40(,R9),X'0000'       #
    0002AC  E54C 9030 0000     000000            MVHI    48(,R9),X'0000'       #
    0002B2  D207 9038 30BB     000000            MVC     56(8,R9),187(R3)      #
    0002B8  E54C 9040 0000     000000            MVHI    64(,R9),X'0000'       #
    0002BE  D200 9048 30C5     000000            MVC     72(1,R9),197(R3)      #
    0002C4  D200 9050 30C6     000000            MVC     80(1,R9),198(R3)      #
    0002CA  E54C 9058 0000     000000            MVHI    88(,R9),X'0000'       #
    0002D0  E54C 9080 0000     000000            MVHI    128(,R9),X'0000'      #
    0002D6  9240 9060          000000            MVI     96(,R9),X'40'         #
    0002DA  D21C 9061 9060     000000            MVC     97(29,R9),96(R9)      #
    0002E0  1818               000000            LR      R1,R8
    0002E2  5010 1000          000000            ST      R1,0(,R1)             #  BLT_1
    0002E6  4100 1004          000000            LA      R0,4(,R1)             #  BLT_2
    0002EA  5000 1004          000000            ST      R0,4(,R1)             #  BLT_1
    0002EE  4100 1008          000000            LA      R0,8(,R1)             #  BLT_3
    0002F2  5000 1008          000000            ST      R0,8(,R1)             #  BLT_1
    0002F6  EB1F D090 0096     000000            LMH     R1,R15,144(,R13)      #
    0002FC  58D0 D004          000000            L       R13,4(,R13)           #  Caller's DSA
    000300  58E0 D00C          000000            L       R14,12(,R13)          #  Return Address
    000304  9809 D014          000000            LM      R0,R9,20(,R13)        #  Restore Caller's registers
    000308  07FE               000000            BR      R14                   #  Return
    00030A  0707               000000            BCR     0,R7
    00030C                     000000            RET



                    ***   General purpose registers used: 1101101111001111
                    ***   Floating point  registers used: 0000000000000000
                    ***   Size of storage acquired: 232
                    ***   Size of executable code: 276



    000310                     000000            PROC    __COMPUNITsinit
    000310  47F0 F024          000000            BC      R15,36(,R15)          #  Skip over constant areaPP 5655-EC6 IBM Enterprise COBOL for z/OS  6.3.0 P211108       HELLO     Date 09/26/2024  Time 08:31:57   Page    11

    000314  01C3 C5C5          000000            DC      X'01C3C5C5'           #  Eyecatcher: CEE
    000318  0000 00F0          000000            DC      X'000000F0'           #  Stack Size
    00031C  0000 02B0          000000            DC      X'000002B0'           #  Offset to PPA1
    000320  47F0 F001          000000            BC      R15,1(,R15)           #  Wrong Entry Point: cause exception
    000324                     000000  L0018:    EQU     *
    000324                     000000  L0016:    EQU     *                     #  Handle growing stack
    000324  58F0 C31C          000000            L       R15,796(,R12)         #  Load CEECAAOGETS
    000328  184E               000000            LR      R4,R14                #  Required NAB
    00032A  05EF               000000            BALR    R14,R15               #  Extend Stack
    00032C  0000 0000          000000            DC      X'00000000'           #  Argument list size = 0
    000330  A7F4 000C          000000            J       L0017                 #  Branch back
    000334  90EC D00C          000000            STM     R14,R12,12(,R13)      #  Save GPRs Used
    000338  58E0 D04C          000000            L       R14,76(,R13)          #  Load NAB
    00033C  4100 E0F0          000000            LA      R0,240(,R14)          #  New NAB Address
    000340  5500 C314          000000            CL      R0,788(,R12)          #  Exceed current storage segment?
    000344  A724 FFF0          000000            JH      L0016                 #  Yes: branch to recovery code
    000348                     000000  L0017:    EQU     *                     #  Stack now has sufficient room
    000348  5000 E04C          000000            ST      R0,76(,R14)           #  Update NAB
    00034C  C001 0011 0301     000000            LGFI    R0,X'00110301'        #  load COBOL Language Word
    000352  5000 E000          000000            ST      R0,0(,R14)            #  Save Language Word
    000356  50D0 E004          000000            ST      R13,4(,R14)           #  Save Back Chain
    00035A  18DE               000000            LR      R13,R14               #  Set new DSA
    00035C  E54C D074 0000     000000            MVHI    116(,R13),X'0000'     #  Zero COBDSA
    000362  E54C D070 0000     000000            MVHI    112(,R13),X'0000'     #  zero member slot0
    000368  5060 D060          000000            ST      R6,96(,R13)           #  set member slot3
    00036C  5070 D068          000000            ST      R7,104(,R13)          #  set member slot2
    000370  EB1F D098 0026     000000            STMH    R1,R15,152(,R13)      #
    000376                     000000  L0019:    EQU     *
    000376  C030 0000 0051     000000            LARL    R3,$CONSTANT_AREA
    00037C  5800 C1F4          000000            L       R0,500(,R12)          #
    000380  5000 D0E8          000000            ST      R0,232(,R13)          #
    000384  5820 1000          000000            L       R2,0(,R1)             #
    000388  5840 3010          000000            L       R4,16(,R3)            #
    00038C  4184 2000          000000            LA      R8,0(R4,R2)           #
    000390  5080 D0E4          000000            ST      R8,228(,R13)          #
    000394  E54C 8058 0000     000000            MVHI    88(,R8),X'0000'       #
    00039A  4100 800C          000000            LA      R0,12(,R8)            #
    00039E  5000 8074          000000            ST      R0,116(,R8)           #
    0003A2  D207 804C 30F0     000000            MVC     76(8,R8),240(R3)      #  GPCB_VRM_VERSION         +240
    0003A8  D207 800C 30F8     000000            MVC     12(8,R8),248(R3)      #  GPCB_EYECATCH            +248
    0003AE  E54C 8054 0028     000000            MVHI    84(,R8),X'0028'       #
    0003B4  4100 8058          000000            LA      R0,88(,R8)            #  IPCB_NumEnts
    0003B8  5000 8014          000000            ST      R0,20(,R8)            #
    0003BC  D20B 8018 30CC     000000            MVC     24(12,R8),204(R3)     #
    0003C2  E54C 8028 0000     000000            MVHI    40(,R8),X'0000'       #
    0003C8  E54C 8034 0000     000000            MVHI    52(,R8),X'0000'       #
    0003CE  E54C 802C 0000     000000            MVHI    44(,R8),X'0000'       #
    0003D4  D213 8038 30D8     000000            MVC     56(20,R8),216(R3)     #  GPCB_ASCII->EBCDICPtr(V2 +216
    0003DA  5800 30C8          000000            L       R0,200(,R3)           #
    0003DE  5000 8060          000000            ST      R0,96(,R8)            #
    0003E2  E54C 8064 0000     000000            MVHI    100(,R8),X'0000'      #
    0003E8  E54C 806C 0000     000000            MVHI    108(,R8),X'0000'      #
    0003EE  E54C 805C 0000     000000            MVHI    92(,R8),X'0000'       #
    0003F4  E548 8078 0000     000000            MVGHI   120(,R8),X'0000'      #
    0003FA  E54C 8068 0000     000000            MVHI    104(,R8),X'0000'      #
    000400  EB1F D098 0096     000000            LMH     R1,R15,152(,R13)      #
    000406  58D0 D004          000000            L       R13,4(,R13)           #  Caller's DSA
    00040A  58E0 D00C          000000            L       R14,12(,R13)          #  Return AddressPP 5655-EC6 IBM Enterprise COBOL for z/OS  6.3.0 P211108       HELLO     Date 09/26/2024  Time 08:31:57   Page    12

    00040E  980C D014          000000            LM      R0,R12,20(,R13)       #  Restore Caller's registers
    000412  07FE               000000            BR      R14                   #  Return
    000414  0707               000000            BCR     0,R7
    000416                     000000            RET



                    ***   General purpose registers used: 1111101110000111
                    ***   Floating point  registers used: 0000000000000000
                    ***   Size of storage acquired: 240
                    ***   Size of executable code: 262






                    CONSTANT AREA

 000418 (+0)      00CCDDFF 00000000 C8C5D3D3 D6000000 00000000 00000000 00000000 000001F8      |........HELLO..................8|
 000438 (+32)     00000000 00000000 00000000 C8C5D3D3 D6000000 00000040 00000000 00000002      |............HELLO...... ........|
 000458 (+64)     0000000B 00000005 00000444 0000000B 00000005 00000444 C8C5D3D3 D640C9D2      |........................HELLO IK|
 000478 (+96)     C1D54086 99969440 C7A881A3 89A3A484 85A385A2 A3000000 00000001 01040474      |AN from Gyatitudetest...........|
 000498 (+128)    00000470 0000000B 0000001D 00000000 00000025 00000000 00000001 0000000B      |................................|
 0004B8 (+160)    00000005 00000444 00000008 00000000 C9C7E9E2 D9E3C3C4 40000AE2 E8E2D6E4      |................IGZSRTCD ..SYSOU|
 0004D8 (+192)    E3404000 1F0E0F00 00000000 00000444 00000005 04000000 00000000 00000000      |T  .............................|
 0004F8 (+224)    E2E8E2D6 E4E34040 00000000 00000000 F2F1F3F1 F2F6F3F0 C7D7C3C2 00000001      |SYSOUT  ........21312630GPCB....|
 000518 (+256)    00000028                                                                     |....                            |



                    PPA1:  Entry Point Constants
 000520  20CEA506                                               =F'550413574'      Flags
 000524  00000698                                               =A(PPA2-HELLO)
 000528  00000618                                               =A(PPA3-HELLO)
 00052C  00000000                                               =F'0'              No EPD
 000530  FFFF0000                                               =F'-65536'         Register Save Mask
 000534  40000000                                               =F'1073741824'     Member Flags
 000538  90                                                     =AL1(144)          Flags
 000539  000190                                                 =AL3(400)          Callee's DSA use/8
 00053C  0002                                                   =AL2(2)            Flags
 00053E  0012                                                   =H'18'             Offset/2 to CDL
 000540  D0000118                                               =F'-805306088'     State variable location
 000544  00000000                                               =F'0'              CDL function length/2
 000548  00000000                                               =F'0'              CDL function EP offset
 00054C  00000000                                               =F'0'              CDL prolog
 000550  00000000                                               =F'0'              CDL epilog
 000554  00000000                                               =F'0'              CDL end
 000558  00000000                                               =F'0'              VRs Area
 00055C  80000000                                               =F'-2147483648'    Extended Flag Field
 000560  0005  ****                                             AL2(5),C'HELLO'
                    PPA1  End




                    PPA1:  Entry Point Constants
 000568  20CE2106                                               =F'550379782'      FlagsPP 5655-EC6 IBM Enterprise COBOL for z/OS  6.3.0 P211108       HELLO     Date 09/26/2024  Time 08:31:57   Page    13

 00056C  000004A0                                               =A(PPA2-#SRVal000000001 )
 000570  00000430                                               =A(PPA3-#SRVal000000001 )
 000574  00000000                                               =F'0'              No EPD
 000578  FFF10000                                               =F'-983040'        Register Save Mask
 00057C  00000000                                               =F'0'              Member Flags
 000580  90                                                     =AL1(144)          Flags
 000581  0000E8                                                 =AL3(232)          Callee's DSA use/8
 000584  0002                                                   =AL2(2)            Flags
 000586  0012                                                   =H'18'             Offset/2 to CDL
 000588  00000000                                               =F'0'              State variable location
 00058C  00000000                                               =F'0'              CDL function length/2
 000590  00000000                                               =F'0'              CDL function EP offset
 000594  00000000                                               =F'0'              CDL prolog
 000598  00000000                                               =F'0'              CDL epilog
 00059C  00000000                                               =F'0'              CDL end
 0005A0  00000000                                               =F'0'              VRs Area
 0005A4  80000000                                               =F'-2147483648'    Extended Flag Field
 0005A8  0010  ****                                             AL2(16),C'#SRVal000000001 '
                    PPA1  End




                    PPA1:  Entry Point Constants
 0005C0  20CE2106                                               =F'550379782'      Flags
 0005C4  00000388                                               =A(PPA2-__COMPUNITsinit)
 0005C8  00000328                                               =A(PPA3-__COMPUNITsinit)
 0005CC  00000000                                               =F'0'              No EPD
 0005D0  FFFF0000                                               =F'-65536'         Register Save Mask
 0005D4  00000000                                               =F'0'              Member Flags
 0005D8  90                                                     =AL1(144)          Flags
 0005D9  0000F0                                                 =AL3(240)          Callee's DSA use/8
 0005DC  0002                                                   =AL2(2)            Flags
 0005DE  0012                                                   =H'18'             Offset/2 to CDL
 0005E0  00000000                                               =F'0'              State variable location
 0005E4  00000000                                               =F'0'              CDL function length/2
 0005E8  00000000                                               =F'0'              CDL function EP offset
 0005EC  00000000                                               =F'0'              CDL prolog
 0005F0  00000000                                               =F'0'              CDL epilog
 0005F4  00000000                                               =F'0'              CDL end
 0005F8  00000000                                               =F'0'              VRs Area
 0005FC  80000000                                               =F'-2147483648'    Extended Flag Field
 000600  000F  ****                                             AL2(15),C'__COMPUNITsinit'
                    PPA1  End


                    PPA3:  Entry Point Constants
 000618  00000000                                               =F'0'              Flags
 00061C  000000B0                                               =F'176'            A(Base_Locator_Table-PPA3)
 000620  000000C8                                               =F'200'            A(Special_Register_Table-PPA3)
 000624  00000158                                               =X'158'            A(User_Entry-CUEntry)
                    PPA3  End


                    PPA3:  Entry Point Constants
 000628  00000000                                               =F'0'              Flags
 00062C  00000000                                               =F'0'              A(Base_Locator_Table-PPA3)
 000630  00000000                                               =F'0'              A(Special_Register_Table-PPA3)PP 5655-EC6 IBM Enterprise COBOL for z/OS  6.3.0 P211108       HELLO     Date 09/26/2024  Time 08:31:57   Page    14

 000634  00000000                                               =X'0'              A(User_Entry-CUEntry)
                    PPA3  End


                    PPA3:  Entry Point Constants
 000638  00000000                                               =F'0'              Flags
 00063C  00000000                                               =F'0'              A(Base_Locator_Table-PPA3)
 000640  00000000                                               =F'0'              A(Special_Register_Table-PPA3)
 000644  00000000                                               =X'0'              A(User_Entry-CUEntry)
                    PPA3  End

                    Timestamp and Version Information
 000648  F2F0  F2F4                                             =C'2024'           Compiled Year
 00064C  F0F9  F2F6                                             =C'0926'           Compiled Date MMDD
 000650  F0F8  F3F1  F5F7                                       =C'083157'         Compiled Time HHMMSS
 000656  F0F6  F0F3  F0F0                                       =C'060300'         VERSION/RELEASE/MOD LEVEL OF PROD
                    Timestamp and Version Information End


                    Compiler Options and Program Information Section
 00065C         0038                                            =X'0038'           Size of Compiler Options and Prog Info Section
 00065E  (+00)  0474                                            =X'0474'           UNSIGNED BINARY CODE PAGE CCSID VALUE
 000660  (+02)  08                                              =X'08'             ARCHITECTURE LEVEL
 000661  (+03)  00                                              =X'00'             OPTIMIZATION LEVEL
 000662  (+04)  1402                                            =X'1402'           INFO. BYTES 28-29
 000664  (+06)  0000                                            =X'0000'           INFO. BYTES 30-31
 000666  (+08)  A0E8644C2000                                    =X'A0E8644C2000'   INFO. BYTES 1-6
 00066C  (+14)  001000080000                                    =X'001000080000'   INFO. BYTES 7-12
 000672  (+20)  002000000000                                    =X'002000000000'   INFO. BYTES 13-18
 000678  (+26)  0000000009                                      =X'0000000009'     INFO. BYTES 19-23
 00067D  (+31)  00                                              =X'00'             COBOL SIGNATURE LEVEL
 00067E  (+32)  00000000                                        =X'00000000'       # DATA DIVISION STATEMENTS
 000682  (+36)  00000002                                        =X'00000002'       # PROCEDURE DIVISION STATEMENTS
 000686  (+40)  00008000                                        =X'00008000'       INFO. BYTES 24-27
 00068A  (+44)  D7F2F1F1F1F0F840                                =C'P211108 '       BUILD LEVEL INFO
 000692  (+52)  00000008                                        =X'00000008'       INFO. BYTES 32-35
                    Compiler Options and Program Information Section End



                    PPA2:  Entry Point Constants
 000698  04002203                                               =F'67117571'       Flags
 00069C  FFFFF968                                               =A(CEESTART-PPA2)
 0006A0  00000058                                               =F'88'             A(PPA4-PPA2)
 0006A4  FFFFFFB0                                               =A(TIMESTMP-PPA2)
 0006A8  FFFFF968                                               =A(PrimaryEntryPoint-PPA2)
 0006AC  02000000                                               =F'33554432'       Flags
                    PPA2  End


                    PARMCEE:  LE Initialization Constants
 0006B0  00000006                                               =F'6'              Number Of Entries In Parm List
 0006B4  00000024                                               =X'24'             A(Primary Entry Point Info Block)
 0006B8  00000000                                               =X'0'              V(CEESTART)
 0006BC  00000000                                               =X'0'              V(CEEBETBL)
 0006C0  00000004                                               =X'4'              CEL Member Identifier
 0006C4  00000000                                               =X'0'              For CEL Member Use
                    PARMCEE  EndPP 5655-EC6 IBM Enterprise COBOL for z/OS  6.3.0 P211108       HELLO     Date 09/26/2024  Time 08:31:57   Page    15



                    Base Locator Table
 0006C8  01                                                     =X'1'              Table Version
 0006C9  00                                                     =X'0'              Reserved
 0006CA  0008                                                   =H'8'              Header length
 0006CC  00000009                                               =F'9'              Array byte length
 0006D0  2A00                                                   =X'2A00'           Flags & info (element  1)
 0006D2  00000000                                               =X'0'              Offset to cells
 0006D6  03                                                     =X'03'             Cell count
 0006D7  0000                                                   =X'0'              Flags & info (end of array)
                    Base Locator Table End


                    Special Register Table
 0006E0  01                                                     =X'1'              Table Version
 0006E1  00                                                     =X'0'              Reserved
 0006E2  0008                                                   =H'8'              Header length
 0006E4  00000006                                               =F'6'              Array byte length
 0006E8  13                                                     =X'13'             Flags & info (element  1)
 0006E9  00000008                                               =X'8'              Offset to cells
 0006ED  00                                                     =X'0'              Flags & info (end of array)
                    Special Register Table End


                    PPA4:  Entry Point Constants
 0006F0  0A000000                                               =F'167772160'      Flags 1
 0006F4  00020100                                               =F'131328'         Flags 2
 0006F8  00000000                                               =F'0'              A(NORENTstatic)
 0006FC  00000000                                               =F'0'              Q(RENTstatic)
 000700  00000080                                               =F'128'            A(DATA31_address_cell-RENTstatic)
 000704  FFFFF910                                               =F'-1776'          A(Code-PPA4)
 000708  00000738                                               =F'1848'           Code Length
 00070C  00000000                                               =F'0'              Length NORENTstatic
 000710  00000084                                               =F'132'            Length RENTstatic
 000714  00000094                                               =F'148'            Length DATA31
 000718  003F                                                   =X'3F'             A(CUName-PPA4)
 00071A  0000                                                   =X'0'              PPA4 Minor Ver
 00071C  0000000000000000                                       =X'0'              Reserved
 000724  00000000                                               =X'0'              Offset UsrWrkStrg
 000728  00000000                                               =X'0'              Length UsrWrkStrg
 00072C  00                                                     =X'0'              Has Externals
 00072D  0000                                                   =X'0'              A(SYSDEBUGName-PPA4)
                    PPA4  End





                    E X T E R N A L    S Y M B O L    D I C T I O N A R Y

                     TYPE   ID   ADDR   LENGTH        NAME

                      SD     1  000000  000000        HELLO
                      ED     2  000000  000000        C_CEESG003
                      ED     3  000000  000738        C_CODE
                      LD     4  000000  000000        HELLO#C
                      ER     5  000000  000000        CEESTARTPP 5655-EC6 IBM Enterprise COBOL for z/OS  6.3.0 P211108       HELLO     Date 09/26/2024  Time 08:31:57   Page    16

                      ER     6  000000  000000        CEEBETBL
                      ED     7  000000  000000        C_WSA
                      PR     8  000000  000084        HELLO#S
                      ED     9  000000  000022        B_IDRL
                      ER    10  000000  000000        IGZXBST4
                      ER    11  000000  000000        HELLO
                      ER    12  000000  000000        IGZXPRS
                      ER    13  000000  000000        IGZXCMSG
                      ER    14  000000  000000        IGZXDSP
                      ER    15  000000  000000        IGZXTREC
                      ER    16  000000  000000        IGZXRT1
                      LD    17  000000  000000        HELLO
                      ER    18  000000  000000        CEESG004
                      ER    19  000000  000000        IGZXBS61
                      ED    20  000000  000000        C_@@PPA2
                      PR    21  000000  000008
                      ED    22  000000  000000        C_@@CSINIT
                      PR    23  000000  000004


                    * * * * *   I N I T I A L   H E A P     S T O R A G E     M A P   * * * * *

 OFFSET (HEX)   LENGTH (HEX)   NAME

           0              C       BLT_Ptrs
           C             74       GPCB
          80              4       WS-BASE-ADDRESS


                    * * * * *   E N D     O F     I N I T I A L   H E A P     S T O R A G E     M A P   * * * * *

                    * * * * *   B E L O W    T H E    B A R    H E A P    M A P   * * * * *

 OFFSET (HEX)   LENGTH (HEX)   NAME

           0              4       JNIENVPTR
           8              2       RETURN-CODE
          10              2       SORT-RETURN
          18              8       SORT-CONTROL
          20              4       SORT-CORE-SIZE
          28              4       SORT-FILE-SIZE
          30              4       SORT-MODE-SIZE
          38              8       SORT-MESSAGE
          40              4       TALLY
          48              1       SHIFT-OUT
          50              1       SHIFT-IN
          58              4       XML-CODE
          60             1E       XML-EVENT
          80              4       XML-INFORMATION
          88              4       JSON-CODE
          90              4       JSON-STATUS


                    * * * * *   E N D     O F     B E L O W    T H E    B A R    H E A P    M A P   * * * * *

                    * * * * *   S T A C K     S T O R A G E    M A P   * * * * *

 OFFSET (HEX)   LENGTH (HEX)   NAMEPP 5655-EC6 IBM Enterprise COBOL for z/OS  6.3.0 P211108       HELLO     Date 09/26/2024  Time 08:31:57   Page    17


 Block name: HELLO

          80              4       _@CAA
          D8              4       _CACHED_$WORKING-STORAGE-31
          DC              4       _CACHED_$STATIC
          E0              4       _CACHED_CRENT
          E4              4       TS2=6
          E8              4       TS2=5
          EC              2       _returnValue
          F0             24       _ArgumentList
         118             60       COBDSACB
         178             18       VLC_cells


 OFFSET (HEX)   LENGTH (HEX)   NAME

 Block name: #SRVal000000001

          80              4       _@CAA
          84              4       _@ParentDSA
          DC              4       _CACHED_$WORKING-STORAGE-31
          E0              4       _CACHED_$STATIC
          E4              4       _CACHED_CRENT


 OFFSET (HEX)   LENGTH (HEX)   NAME

 Block name: __COMPUNITsinit

           C              4       __CAACRENT
          80              4       _@MYARGS
          84              4       _@CAA
          E4              4       _CACHED_$STATIC
          E8              4       _CACHED_CRENT


                    * * * * *   E N D     O F     S T A C K     S T O R A G E    M A P   * * * * *



           Compiler back end level: tr_v63_cobol_20211108_1324_JnUlQ0DBEeyUMMBMEJ_z5w



           * * * * *   E N D   O F   C O M P I L A T I O N   * * * * *



Messages    Total    Informational    Warning    Error    Severe    Terminating

Printed:       1           1PP 5655-EC6 IBM Enterprise COBOL for z/OS  6.3.0 P211108       HELLO     Date 09/26/2024  Time 08:31:57   Page    18

* Statistics for COBOL program HELLO:
*    Source records = 6
*    Data Division statements = 0
*    Procedure Division statements = 2
*    Generated COBOL statements = 0
*    Program complexity factor = 2

End of compilation 1,  program HELLO,  highest severity 0.

Return code 0
1z/OS V2 R5 BINDER     08:32:01 THURSDAY SEPTEMBER 26, 2024
 BATCH EMULATOR  JOB(GMSRATN7) STEP(STEP1   ) PGM= IEWBLINK
 IEW2278I B352 INVOCATION PARAMETERS - LIST,MAP,XREF,RENT,AMODE(31),RMODE(ANY)

1                         *** M O D U L E  M A P ***

 ---------------
 CLASS  C_CODE            LENGTH =      738  ATTRIBUTES = CAT,   LOAD, RMODE=ANY
                          OFFSET =        0 IN SEGMENT 001     ALIGN = DBLWORD
 ---------------

  SECTION    CLASS                                      ------- SOURCE --------
   OFFSET   OFFSET  NAME                TYPE    LENGTH  DDNAME   SEQ  MEMBER

                 0  HELLO              CSECT       738  SYSLIN    01  HELLO
        0        0     HELLO#C            LABEL
        0        0     HELLO              LABEL

 ---------------
 CLASS  C_@@PPA2          LENGTH =        8  ATTRIBUTES = MRG,   LOAD, RMODE=ANY
                          OFFSET =      738 IN SEGMENT 001     ALIGN = DBLWORD
 ---------------

             CLASS
            OFFSET  NAME                TYPE    LENGTH   SECTION
                 0  $PRIV000010      PART             8  HELLO

 ---------------
 CLASS  C_@@CSINIT        LENGTH =        4  ATTRIBUTES = MRG,   LOAD, RMODE=ANY
                          OFFSET =      740 IN SEGMENT 001     ALIGN = DBLWORD
 ---------------

             CLASS
            OFFSET  NAME                TYPE    LENGTH   SECTION
                 0  $PRIV000011      PART             4  HELLO

 ---------------
 CLASS  B_TEXT            LENGTH =      BF0  ATTRIBUTES = CAT,   LOAD, RMODE=ANY
                          OFFSET =      748 IN SEGMENT 001     ALIGN = DBLWORD
 ---------------

  SECTION    CLASS                                      ------- SOURCE --------
   OFFSET   OFFSET  NAME                TYPE    LENGTH  DDNAME   SEQ  MEMBER

                 0  IGZXBS61        *  CSECT        10  SYSLIB    02  IGZXBS61

                10  CEESG004        *  CSECT        34  SYSLIB    02  CEESG004

                48  IGZXRT1         *  CSECT        12  SYSLIB    02  IGZXRT1

                60  IGZXTREC        *  CSECT        12  SYSLIB    02  IGZXTREC

                78  IGZXDSP         *  CSECT        12  SYSLIB    02  IGZXDSP

                90  IGZXCMSG        *  CSECT        12  SYSLIB    02  IGZXCMSG

                A8  IGZXPRS         *  CSECT        12  SYSLIB    02  IGZXPRS

                C0  IGZXBST4        *  CSECT       4E0  SYSLIB    02  IGZXBST4

               5A0  CEEBETBL        *  CSECT        28  SYSLIB    02  CEEBETBL

               5C8  CEESTART        *  CSECT        B0  SYSLIB    02  CEESTART

1                         *** M O D U L E  M A P ***

  SECTION    CLASS                                      ------- SOURCE --------
   OFFSET   OFFSET  NAME                TYPE    LENGTH  DDNAME   SEQ  MEMBER

               678  CEEBPUBT        *  CSECT        70  SYSLIB    02  CEEBPUBT

               6E8  CEEBTRM         *  CSECT        74  SYSLIB    02  CEEBTRM

               760  CEECPYRT        *  CSECT        CF  SYSLIB    02  CEEBTRM

               830  CEEBLLST        *  CSECT        5C  SYSLIB    02  CEEBLLST
       10      840     CEELLIST           LABEL

               890  CEEBINT         *  CSECT         8  SYSLIB    02  CEEBINT

               898  CEEARLU         *  CSECT        B8  SYSLIB    02  CEEARLU

               950  CEEBPIRA        *  CSECT       2A0  SYSLIB    02  CEEINT
        0      950     CEEINT             LABEL
        0      950     CEEBPIRB           LABEL
        0      950     CEEBPIRC           LABEL
1                         *** M O D U L E  M A P ***

 ---------------
 CLASS  B_LIT             LENGTH =      100  ATTRIBUTES = CAT,   LOAD, RMODE=ANY
                          OFFSET =     1338 IN SEGMENT 001     ALIGN = DBLWORD
 ---------------

  SECTION    CLASS                                      ------- SOURCE --------
   OFFSET   OFFSET  NAME                TYPE    LENGTH  DDNAME   SEQ  MEMBER

                 0  IEWBLIT            CSECT       100                **NULL**
        0        0     IEWBLIT            LABEL

 ---------------
 CLASS  C_WSA             LENGTH =       94  ATTRIBUTES = MRG, DEFER , RMODE=ANY
                          OFFSET =        0 IN SEGMENT 002     ALIGN = DBLWORD
 ---------------

             CLASS
            OFFSET  NAME                TYPE    LENGTH   SECTION
                 0  $PRIV000012      PART            10
                10  HELLO#S          PART            84  HELLO

 ---------------
 CLASS  C_CEESG003        LENGTH =        0  ATTRIBUTES = CAT, NOLOAD

 ---------------

  SECTION    CLASS                                      ------- SOURCE --------
   OFFSET   OFFSET  NAME                TYPE    LENGTH  DDNAME   SEQ  MEMBER

                 0  HELLO              CSECT         0  SYSLIN    01  HELLO
1          ***  DATA SET SUMMARY  ***

 DDNAME    CONCAT   FILE IDENTIFICATION

 SYSLIB      02     CEE.SCEELKED
 SYSLIN      01     GMSRATN.VSCODE.OBJ
1          *** SYMBOL REFERENCES NOT ASSOCIATED WITH ANY ADCON ***

 TYPE   SCOPE   NAME


           *** E N D  O F  M O D U L E  M A P ***


1                                       C R O S S - R E F E R E N C E  T A B L E
                                        _________________________________________

 TEXT CLASS = C_CODE

 ---------------  R E F E R E N C E  --------------------------  T A R G E T  -------------------------------------------
   CLASS                            ELEMENT       |                                            ELEMENT                  |
   OFFSET SECT/PART(ABBREV)          OFFSET  TYPE | SYMBOL(ABBREV)   SECTION (ABBREV)           OFFSET CLASS NAME       |
                                                  |                                                                     |
       24 HELLO                          24 A-CON | HELLO#C          HELLO                           0 C_CODE           |
       2C HELLO                          2C A-CON | HELLO#C          HELLO                           0 C_CODE           |
       30 HELLO                          30 A-CON | HELLO#C          HELLO                           0 C_CODE           |
       34 HELLO                          34 A-CON | HELLO#C          HELLO                           0 C_CODE           |
       38 HELLO                          38 V-CON | IGZXBST4         IGZXBST4                        0 B_TEXT           |
       3C HELLO                          3C A-CON | HELLO#C          HELLO                           0 C_CODE           |
       44 HELLO                          44 A-CON | HELLO#C          HELLO                           0 C_CODE           |
      428 HELLO                         428 Q-CON | HELLO#S          $NON-RELOCATABLE               10 C_WSA            |
      42C HELLO                         42C V-CON | IGZXPRS          IGZXPRS                         0 B_TEXT           |
      430 HELLO                         430 V-CON | IGZXCMSG         IGZXCMSG                        0 B_TEXT           |
      434 HELLO                         434 A-CON | HELLO#C          HELLO                           0 C_CODE           |
      438 HELLO                         438 V-CON | IGZXDSP          IGZXDSP                         0 B_TEXT           |
      43C HELLO                         43C V-CON | IGZXTREC         IGZXTREC                        0 B_TEXT           |
      440 HELLO                         440 V-CON | IGZXRT1          IGZXRT1                         0 B_TEXT           |
      460 HELLO                         460 A-CON | HELLO#C          HELLO                           0 C_CODE           |
      46C HELLO                         46C A-CON | HELLO#C          HELLO                           0 C_CODE           |
      498 HELLO                         498 A-CON | HELLO#C          HELLO                           0 C_CODE           |
      4BC HELLO                         4BC A-CON | HELLO#C          HELLO                           0 C_CODE           |
      4E4 HELLO                         4E4 A-CON | HELLO#C          HELLO                           0 C_CODE           |
      69C HELLO                         69C A-CON | HELLO#C          HELLO                           0 C_CODE           |
      69C HELLO                         69C A-CON | CEESTART         CEESTART                        0 B_TEXT           |
      6B4 HELLO                         6B4 A-CON | HELLO#C          HELLO                           0 C_CODE           |
      6B8 HELLO                         6B8 V-CON | CEESTART         CEESTART                        0 B_TEXT           |
      6BC HELLO                         6BC V-CON | CEEBETBL         CEEBETBL                        0 B_TEXT           |
      6FC HELLO                         6FC Q-CON | HELLO#S          $NON-RELOCATABLE               10 C_WSA            |


 TEXT CLASS = C_@@PPA2

 ---------------  R E F E R E N C E  --------------------------  T A R G E T  -------------------------------------------
   CLASS                            ELEMENT       |                                            ELEMENT                  |
   OFFSET SECT/PART(ABBREV)          OFFSET  TYPE | SYMBOL(ABBREV)   SECTION (ABBREV)           OFFSET CLASS NAME       |
                                                  |                                                                     |
        4 $PRIV000010                     4 A-CON | HELLO#C          HELLO                           0 C_CODE           |


 TEXT CLASS = C_@@CSINIT

 ---------------  R E F E R E N C E  --------------------------  T A R G E T  -------------------------------------------
   CLASS                            ELEMENT       |                                            ELEMENT                  |
   OFFSET SECT/PART(ABBREV)          OFFSET  TYPE | SYMBOL(ABBREV)   SECTION (ABBREV)           OFFSET CLASS NAME       |
                                                  |                                                                     |
        0 $PRIV000011                     0 A-CON | HELLO#C          HELLO                           0 C_CODE           |


 TEXT CLASS = B_TEXT

 ---------------  R E F E R E N C E  --------------------------  T A R G E T  -------------------------------------------
   CLASS                            ELEMENT       |                                            ELEMENT                  |
   OFFSET SECT/PART(ABBREV)          OFFSET  TYPE | SYMBOL(ABBREV)   SECTION (ABBREV)           OFFSET CLASS NAME       |
                                                  |                                                                     |
1      24 CEESG004                       14 A-CON | IGZEOPT          $UNRESOLVED(W)                                     |


1                                       C R O S S - R E F E R E N C E  T A B L E
                                        _________________________________________

 TEXT CLASS = B_TEXT

 ---------------  R E F E R E N C E  --------------------------  T A R G E T  -------------------------------------------
   CLASS                            ELEMENT       |                                            ELEMENT                  |
   OFFSET SECT/PART(ABBREV)          OFFSET  TYPE | SYMBOL(ABBREV)   SECTION (ABBREV)           OFFSET CLASS NAME       |
                                                  |                                                                     |
       28 CEESG004                       18 A-CON | IGZETUN          $UNRESOLVED(W)                                     |
       2C CEESG004                       1C A-CON | IGZXRES1         $UNRESOLVED(W)                                     |
       30 CEESG004                       20 A-CON | IEWBLIT          IEWBLIT                         0 B_LIT            |
      510 IGZXBST4                      450 V-CON | CEEINT           CEEBPIRA                        0 B_TEXT           |
      514 IGZXBST4                      454 V-CON | CEEARLU          CEEARLU                         0 B_TEXT           |
      518 IGZXBST4                      458 A-CON | CEESG004         CEESG004                        0 B_TEXT           |
      5A4 CEEBETBL                        4 V-CON | CEEBXITA         $UNRESOLVED(W)                                     |
      5A8 CEEBETBL                        8 V-CON | CEEBINT          CEEBINT                         0 B_TEXT           |
      5AC CEEBETBL                        C V-CON | CEEBLLST         CEEBLLST                        0 B_TEXT           |
      5B0 CEEBETBL                       10 V-CON | CEEUOPT          $UNRESOLVED(W)                                     |
      5B4 CEEBETBL                       14 V-CON | CEEBTRM          CEEBTRM                         0 B_TEXT           |
      5BC CEEBETBL                       1C V-CON | CEEBPUBT         CEEBPUBT                        0 B_TEXT           |
      5C0 CEEBETBL                       20 V-CON | IEWBLIT          IEWBLIT                         0 B_LIT            |
      624 CEESTART                       5C A-CON | CEEMAIN          $UNRESOLVED(W)                                     |
      634 CEESTART                       6C C-LEN |                  $NON-RELOCATABLE                  B_PRV            |
      660 CEESTART                       98 A-CON | CEEFMAIN         $UNRESOLVED(W)                                     |
      66C CEESTART                       A4 A-CON | CEEBETBL         CEEBETBL                        0 B_TEXT           |
      670 CEESTART                       A8 A-CON | CEEROOTA         $UNRESOLVED(W)                                     |
      674 CEESTART                       AC A-CON | CEEROOTD         $UNRESOLVED(W)                                     |
      754 CEEBTRM                        6C A-CON | CEEBPUBT         CEEBPUBT                        0 B_TEXT           |
      840 CEEBLLST                       10 A-CON | CEESG000         $UNRESOLVED(W)                                     |
      844 CEEBLLST                       14 A-CON | CEESG001         $UNRESOLVED(W)                                     |
      848 CEEBLLST                       18 A-CON | CEESG002         $UNRESOLVED(W)                                     |
      84C CEEBLLST                       1C A-CON | CEESG003         $UNRESOLVED(W)                                     |
      850 CEEBLLST                       20 A-CON | CEESG004         CEESG004                        0 B_TEXT           |
      854 CEEBLLST                       24 A-CON | CEESG005         $UNRESOLVED(W)                                     |
      858 CEEBLLST                       28 A-CON | CEESG006         $UNRESOLVED(W)                                     |
      85C CEEBLLST                       2C A-CON | CEESG007         $UNRESOLVED(W)                                     |
      860 CEEBLLST                       30 A-CON | CEESG008         $UNRESOLVED(W)                                     |
      864 CEEBLLST                       34 A-CON | CEESG009         $UNRESOLVED(W)                                     |
      868 CEEBLLST                       38 A-CON | CEESG010         $UNRESOLVED(W)                                     |
      86C CEEBLLST                       3C A-CON | CEESG011         $UNRESOLVED(W)                                     |
      870 CEEBLLST                       40 A-CON | CEESG012         $UNRESOLVED(W)                                     |
      874 CEEBLLST                       44 A-CON | CEESG013         $UNRESOLVED(W)                                     |
      878 CEEBLLST                       48 A-CON | CEESG014         $UNRESOLVED(W)                                     |
      87C CEEBLLST                       4C A-CON | CEESG015         $UNRESOLVED(W)                                     |
      880 CEEBLLST                       50 A-CON | CEESG016         $UNRESOLVED(W)                                     |
      B80 CEEBPIRA                      230 A-CON | CEEBPUBT         CEEBPUBT                        0 B_TEXT           |


 TEXT CLASS = B_LIT

 ---------------  R E F E R E N C E  --------------------------  T A R G E T  -------------------------------------------
   CLASS                            ELEMENT       |                                            ELEMENT                  |
   OFFSET SECT/PART(ABBREV)          OFFSET  TYPE | SYMBOL(ABBREV)   SECTION (ABBREV)           OFFSET CLASS NAME       |
                                                  |                                                                     |
       28 IEWBLIT                        28 L TOKE|                                                                     |


1                                       C R O S S - R E F E R E N C E  T A B L E
                                        _________________________________________

 TEXT CLASS = B_LIT

 ---------------  R E F E R E N C E  --------------------------  T A R G E T  -------------------------------------------
   CLASS                            ELEMENT       |                                            ELEMENT                  |
   OFFSET SECT/PART(ABBREV)          OFFSET  TYPE | SYMBOL(ABBREV)   SECTION (ABBREV)           OFFSET CLASS NAME       |
                                                  |                                                                     |
       50 IEWBLIT                        50 C-LEN |                  $NON-RELOCATABLE                  C_CODE           |
       54 IEWBLIT                        54 A-CON |                                                    C_CODE           |
       70 IEWBLIT                        70 C-LEN |                  $NON-RELOCATABLE                  C_WSA            |
       90 IEWBLIT                        90 C-LEN |                  $NON-RELOCATABLE                  C_@@PPA2         |
       94 IEWBLIT                        94 A-CON |                                                    C_@@PPA2         |
       B0 IEWBLIT                        B0 C-LEN |                  $NON-RELOCATABLE                  C_@@CSINIT       |
       B4 IEWBLIT                        B4 A-CON |                                                    C_@@CSINIT       |
       D0 IEWBLIT                        D0 C-LEN |                  $NON-RELOCATABLE                  B_TEXT           |
       D4 IEWBLIT                        D4 A-CON |                                                    B_TEXT           |
       F0 IEWBLIT                        F0 C-LEN |                  $NON-RELOCATABLE                  B_LIT            |
       F4 IEWBLIT                        F4 A-CON |                                                    B_LIT            |


 TEXT CLASS = C_WSA

 ---------------  R E F E R E N C E  --------------------------  T A R G E T  -------------------------------------------
   CLASS                            ELEMENT       |                                            ELEMENT                  |
   OFFSET SECT/PART(ABBREV)          OFFSET  TYPE | SYMBOL(ABBREV)   SECTION (ABBREV)           OFFSET CLASS NAME       |
                                                  |                                                                     |
       24 HELLO#S                        24 A-CON | HELLO#S          $PRIV000003                    10 C_WSA            |
       28 HELLO#S                        28 A-CON | HELLO#C          HELLO                           0 C_CODE           |
       70 HELLO#S                        70 V-CON | HELLO            HELLO                           0 C_CODE           |
       84 HELLO#S                        84 A-CON | HELLO#S          $PRIV000003                    10 C_WSA            |
                                        *** E N D  O F  C R O S S  R E F E R E N C E ***



                                 *** O P E R A T I O N   S U M M A R Y   R E P O R T ***

1PROCESSING OPTIONS:

    ALIASES             NO
    ALIGN2              NO
    AMODE                31
    CALL                YES
    CASE                UPPER
    COMPAT              UNSPECIFIED
    COMPRESS            AUTO
    DCBS                NO
    DYNAM               NO
    EXTATTR             UNSPECIFIED
    EXITS:              NONE
    FILL                NONE
    GID                 UNSPECIFIED
    HOBSET              NO
    INFO                NO
    LET                 04
    LINECT              060
    LIST                SUMMARY
    LISTPRIV            NO
    LONGPARM            NO
    MAP                 YES
    MAXBLK              032760
    MODMAP              NO
    MSGLEVEL            00
    OVLY                NO
    PRINT               YES
    RES                 NO
    REUSABILITY         REENTRANT
    RMODE               ANY,INITIAL
    RMODEX              NO
    SIGN                NO
    STORENX             NOREPLACE
    STRIPCL             NO
    STRIPSEC            NO
    SYMTRACE
    TERM                NO
    TRAP                ON
    UID                 UNSPECIFIED
    UPCASE              NO
    WKSPACE             000000K,000000K
    XCAL                NO
    XREF                YES
    ***END OF OPTIONS***




1SAVE OPERATION SUMMARY:

    MEMBER NAME         HELLO
    LOAD LIBRARY        GMSRATN.VSCODE.LOAD
    PROGRAM TYPE        PROGRAM OBJECT(FORMAT 3)
    VOLUME SERIAL       A5USR1
    DISPOSITION         REPLACED
    TIME OF SAVE        08.32.02  SEP 26, 2024


1SAVE MODULE ATTRIBUTES:

    AC                  000
    AMODE                31
    COMPRESSION         NONE
    DC                  NO
    EDITABLE            YES
    EXCEEDS 16MB        NO
    EXECUTABLE          YES
    LONGPARM            NO
    MIGRATABLE          NO
    OL                  NO
    OVLY                NO
    PACK,PRIME          NO,NO
    PAGE ALIGN          NO
    REFR                NO
    RENT                YES
    REUS                YES
    RMODE               ANY
    SCTR                NO
    SIGN                NO
    SSI
    SYM GENERATED       NO
    TEST                NO
    XPLINK              NO
    MODULE SIZE (HEX)   000014CC
    DASD SIZE (HEX)     0000A000


1 ENTRY POINT AND ALIAS SUMMARY:

  NAME:            ENTRY TYPE AMODE C_OFFSET CLASS NAME        STATUS

  HELLO             MAIN_EP      31 00000000 C_CODE

                          *** E N D   O F   O P E R A T I O N   S U M M A R Y   R E P O R T ***




1z/OS V2 R5 BINDER     08:32:01 THURSDAY SEPTEMBER 26, 2024
 BATCH EMULATOR  JOB(GMSRATN7) STEP(STEP1   ) PGM= IEWBLINK
 IEW2008I 0F03 PROCESSING COMPLETED.  RETURN CODE =  0.



1----------------------
 MESSAGE SUMMARY REPORT
 ----------------------
  TERMINAL MESSAGES      (SEVERITY = 16)
  NONE

  SEVERE MESSAGES        (SEVERITY = 12)
  NONE

  ERROR MESSAGES         (SEVERITY = 08)
  NONE

  WARNING MESSAGES       (SEVERITY = 04)
  NONE

  INFORMATIONAL MESSAGES (SEVERITY = 00)
  2008  2278


  **** END OF MESSAGE SUMMARY REPORT ****

